#! /c/Source/iverilog-install/bin/vvp
:ivl_version "12.0 (devel)" "(s20150603-1539-g2693dd32b)";
:ivl_delay_selection "TYPICAL";
:vpi_time_precision - 12;
:vpi_module "C:\iverilog\lib\ivl\system.vpi";
:vpi_module "C:\iverilog\lib\ivl\vhdl_sys.vpi";
:vpi_module "C:\iverilog\lib\ivl\vhdl_textio.vpi";
:vpi_module "C:\iverilog\lib\ivl\v2005_math.vpi";
:vpi_module "C:\iverilog\lib\ivl\va_math.vpi";
:vpi_module "C:\iverilog\lib\ivl\v2009.vpi";
S_000001e1328a9730 .scope package, "$unit" "$unit" 2 1;
 .timescale 0 0;
S_000001e1328aac60 .scope module, "alu" "alu" 3 1;
 .timescale -9 -12;
    .port_info 0 /INPUT 64 "a";
    .port_info 1 /INPUT 64 "b";
    .port_info 2 /INPUT 7 "opcode";
    .port_info 3 /INPUT 3 "funct3";
    .port_info 4 /INPUT 7 "funct7";
    .port_info 5 /OUTPUT 64 "result";
o000001e1328aaf88 .functor BUFZ 64, C4<zzzzzzzzzzzzzzzzzzzzzzzzzzzzzzzzzzzzzzzzzzzzzzzzzzzzzzzzzzzzzzzz>; HiZ drive
v000001e132899f20_0 .net "a", 63 0, o000001e1328aaf88;  0 drivers
o000001e1328aafb8 .functor BUFZ 64, C4<zzzzzzzzzzzzzzzzzzzzzzzzzzzzzzzzzzzzzzzzzzzzzzzzzzzzzzzzzzzzzzzz>; HiZ drive
v000001e13289a880_0 .net "b", 63 0, o000001e1328aafb8;  0 drivers
o000001e1328aafe8 .functor BUFZ 3, C4<zzz>; HiZ drive
v000001e132899660_0 .net "funct3", 2 0, o000001e1328aafe8;  0 drivers
o000001e1328ab018 .functor BUFZ 7, C4<zzzzzzz>; HiZ drive
v000001e132899fc0_0 .net "funct7", 6 0, o000001e1328ab018;  0 drivers
o000001e1328ab048 .functor BUFZ 7, C4<zzzzzzz>; HiZ drive
v000001e132898da0_0 .net "opcode", 6 0, o000001e1328ab048;  0 drivers
v000001e13289a100_0 .var "result", 63 0;
E_000001e1328a6390/0 .event anyedge, v000001e132898da0_0, v000001e132899660_0, v000001e132899fc0_0, v000001e132899f20_0;
E_000001e1328a6390/1 .event anyedge, v000001e13289a880_0;
E_000001e1328a6390 .event/or E_000001e1328a6390/0, E_000001e1328a6390/1;
S_000001e1328aadf0 .scope module, "tb_processor" "tb_processor" 4 3;
 .timescale -9 -12;
L_000001e132893100 .functor BUFZ 32, L_000001e132908860, C4<00000000000000000000000000000000>, C4<00000000000000000000000000000000>, C4<00000000000000000000000000000000>;
L_000001e132892d10 .functor BUFZ 64, L_000001e132909c60, C4<0000000000000000000000000000000000000000000000000000000000000000>, C4<0000000000000000000000000000000000000000000000000000000000000000>, C4<0000000000000000000000000000000000000000000000000000000000000000>;
v000001e132908e00_0 .net *"_ivl_0", 31 0, L_000001e132908860;  1 drivers
v000001e132909440_0 .net *"_ivl_10", 63 0, L_000001e132909c60;  1 drivers
v000001e132909f80_0 .net *"_ivl_12", 63 0, L_000001e132909d00;  1 drivers
v000001e132908ea0_0 .net *"_ivl_14", 60 0, L_000001e1329091c0;  1 drivers
L_000001e13290c100 .functor BUFT 1, C4<000>, C4<0>, C4<0>, C4<0>;
v000001e132909da0_0 .net *"_ivl_16", 2 0, L_000001e13290c100;  1 drivers
v000001e132908180_0 .net *"_ivl_2", 63 0, L_000001e132909bc0;  1 drivers
v000001e1329094e0_0 .net *"_ivl_4", 61 0, L_000001e1329084a0;  1 drivers
L_000001e13290c0b8 .functor BUFT 1, C4<00>, C4<0>, C4<0>, C4<0>;
v000001e132908cc0_0 .net *"_ivl_6", 1 0, L_000001e13290c0b8;  1 drivers
v000001e132909800_0 .var "clk", 0 0;
v000001e1329098a0 .array "data_mem", 255 0, 63 0;
v000001e132909940_0 .net "data_mem_addr", 63 0, L_000001e132893330;  1 drivers
v000001e132908f40_0 .net "data_mem_rdata", 63 0, L_000001e132892d10;  1 drivers
v000001e1329099e0_0 .net "data_mem_wdata", 63 0, L_000001e132893170;  1 drivers
v000001e1329087c0_0 .net "data_mem_we", 0 0, L_000001e132892d80;  1 drivers
v000001e132908fe0_0 .var/i "i", 31 0;
v000001e1329082c0_0 .net "instr_addr", 63 0, L_000001e1328928b0;  1 drivers
v000001e132909a80_0 .net "instr_data", 31 0, L_000001e132893100;  1 drivers
v000001e132908360 .array "instr_mem", 255 0, 31 0;
v000001e132909120_0 .var "rst", 0 0;
E_000001e1328a5bd0 .event posedge, v000001e1328f9310_0;
L_000001e132908860 .array/port v000001e132908360, L_000001e132909bc0;
L_000001e1329084a0 .part L_000001e1328928b0, 2, 62;
L_000001e132909bc0 .concat [ 62 2 0 0], L_000001e1329084a0, L_000001e13290c0b8;
L_000001e132909c60 .array/port v000001e1329098a0, L_000001e132909d00;
L_000001e1329091c0 .part L_000001e132893330, 3, 61;
L_000001e132909d00 .concat [ 61 3 0 0], L_000001e1329091c0, L_000001e13290c100;
S_000001e132885200 .scope module, "dut" "top" 4 58, 5 1 0, S_000001e1328aadf0;
 .timescale -9 -12;
    .port_info 0 /INPUT 1 "clk";
    .port_info 1 /INPUT 1 "rst";
    .port_info 2 /INPUT 32 "instr_mem_rdata";
    .port_info 3 /OUTPUT 64 "instr_mem_addr";
    .port_info 4 /INPUT 64 "data_mem_rdata";
    .port_info 5 /OUTPUT 64 "data_mem_addr";
    .port_info 6 /OUTPUT 64 "data_mem_wdata";
    .port_info 7 /OUTPUT 1 "data_mem_we";
v000001e1329080e0_0 .net "clk", 0 0, v000001e132909800_0;  1 drivers
v000001e132908ae0_0 .net "data_mem_addr", 63 0, L_000001e132893330;  alias, 1 drivers
v000001e132908d60_0 .net "data_mem_rdata", 63 0, L_000001e132892d10;  alias, 1 drivers
v000001e1329089a0_0 .net "data_mem_wdata", 63 0, L_000001e132893170;  alias, 1 drivers
v000001e132908a40_0 .net "data_mem_we", 0 0, L_000001e132892d80;  alias, 1 drivers
v000001e132909620_0 .net "instr_mem_addr", 63 0, L_000001e1328928b0;  alias, 1 drivers
v000001e132908b80_0 .net "instr_mem_rdata", 31 0, L_000001e132893100;  alias, 1 drivers
v000001e132908900_0 .net "rst", 0 0, v000001e132909120_0;  1 drivers
S_000001e132885390 .scope module, "core" "riscv_core" 5 14, 6 1 0, S_000001e132885200;
 .timescale -9 -12;
    .port_info 0 /INPUT 1 "clk";
    .port_info 1 /INPUT 1 "rst";
    .port_info 2 /INPUT 32 "instr_mem_rdata";
    .port_info 3 /OUTPUT 64 "instr_mem_addr";
    .port_info 4 /INPUT 64 "data_mem_rdata";
    .port_info 5 /OUTPUT 64 "data_mem_addr";
    .port_info 6 /OUTPUT 64 "data_mem_wdata";
    .port_info 7 /OUTPUT 1 "data_mem_we";
L_000001e1328928b0 .functor BUFZ 64, v000001e1328fa170_0, C4<0000000000000000000000000000000000000000000000000000000000000000>, C4<0000000000000000000000000000000000000000000000000000000000000000>, C4<0000000000000000000000000000000000000000000000000000000000000000>;
v000001e1328fcae0_0 .net *"_ivl_0", 63 0, L_000001e132908540;  1 drivers
L_000001e13290c148 .functor BUFT 1, C4<0000000000000000000000000000000000000000000000000000000000000100>, C4<0>, C4<0>, C4<0>;
v000001e1328fcc20_0 .net/2u *"_ivl_2", 63 0, L_000001e13290c148;  1 drivers
v000001e1328fc900_0 .net *"_ivl_4", 63 0, L_000001e1329085e0;  1 drivers
v000001e1328fb640_0 .net *"_ivl_6", 63 0, L_000001e132908680;  1 drivers
v000001e1328fc2c0_0 .net "alu_result", 63 0, v000001e132899840_0;  1 drivers
v000001e1328fc400_0 .net "branch_offset", 63 0, v000001e13289a240_0;  1 drivers
v000001e1328fc5e0_0 .net "branch_taken", 0 0, v000001e1328993e0_0;  1 drivers
v000001e1328fc9a0_0 .net "clk", 0 0, v000001e132909800_0;  alias, 1 drivers
v000001e1328fb0a0_0 .net "data_mem_addr", 63 0, L_000001e132893330;  alias, 1 drivers
v000001e1328fc720_0 .net "data_mem_rdata", 63 0, L_000001e132892d10;  alias, 1 drivers
v000001e1328fc860_0 .net "data_mem_wdata", 63 0, L_000001e132893170;  alias, 1 drivers
v000001e1328fb5a0_0 .net "data_mem_we", 0 0, L_000001e132892d80;  alias, 1 drivers
v000001e1328fcd60_0 .net "funct3", 2 0, L_000001e1329657a0;  1 drivers
v000001e1328fb1e0_0 .net "funct7", 6 0, L_000001e132965480;  1 drivers
v000001e1328fb460_0 .net "imm_b", 63 0, L_000001e132965de0;  1 drivers
v000001e1328fccc0_0 .net "imm_i", 63 0, L_000001e132964300;  1 drivers
v000001e1328fb6e0_0 .net "imm_j", 63 0, L_000001e1329650c0;  1 drivers
v000001e1328fce00_0 .net "imm_s", 63 0, L_000001e1329649e0;  1 drivers
v000001e1328fb140_0 .net "instr_mem_addr", 63 0, L_000001e1328928b0;  alias, 1 drivers
v000001e1328fb280_0 .net "instr_mem_rdata", 31 0, L_000001e132893100;  alias, 1 drivers
v000001e1328fb3c0_0 .net "jump_taken", 0 0, v000001e132899020_0;  1 drivers
v000001e1328fb780_0 .net "jump_target", 63 0, v000001e13289a560_0;  1 drivers
v000001e1328fb820_0 .net "mem_to_reg", 0 0, v000001e132899b60_0;  1 drivers
v000001e132909260_0 .net "mem_we", 0 0, v000001e13289a920_0;  1 drivers
v000001e132909ee0_0 .net "opcode", 6 0, L_000001e132965200;  1 drivers
v000001e132908400_0 .net "pc", 63 0, v000001e1328fa170_0;  1 drivers
v000001e132909b20_0 .net "pc_next", 63 0, L_000001e132908720;  1 drivers
v000001e132909760_0 .net "rd", 4 0, L_000001e132965520;  1 drivers
v000001e132909580_0 .net "rd_data", 63 0, L_000001e132964760;  1 drivers
v000001e132909e40_0 .net "rd_we", 0 0, v000001e13289a7e0_0;  1 drivers
v000001e132909300_0 .net "rs1", 4 0, L_000001e132965160;  1 drivers
v000001e1329096c0_0 .net "rs1_data", 63 0, L_000001e132965fc0;  1 drivers
v000001e132909080_0 .net "rs2", 4 0, L_000001e132965980;  1 drivers
v000001e132908220_0 .net "rs2_data", 63 0, L_000001e132964580;  1 drivers
v000001e132908c20_0 .net "rst", 0 0, v000001e132909120_0;  alias, 1 drivers
v000001e1329093a0_0 .net "store_data", 63 0, L_000001e132893640;  1 drivers
L_000001e132908540 .arith/sum 64, v000001e1328fa170_0, v000001e13289a240_0;
L_000001e1329085e0 .arith/sum 64, v000001e1328fa170_0, L_000001e13290c148;
L_000001e132908680 .functor MUXZ 64, L_000001e1329085e0, L_000001e132908540, v000001e1328993e0_0, C4<>;
L_000001e132908720 .functor MUXZ 64, L_000001e132908680, v000001e13289a560_0, v000001e132899020_0, C4<>;
S_000001e13284bd50 .scope module, "ex" "execute" 6 73, 7 1 0, S_000001e132885390;
 .timescale -9 -12;
    .port_info 0 /INPUT 64 "rs1_data";
    .port_info 1 /INPUT 64 "rs2_data";
    .port_info 2 /INPUT 64 "imm_i";
    .port_info 3 /INPUT 64 "imm_s";
    .port_info 4 /INPUT 64 "imm_b";
    .port_info 5 /INPUT 64 "imm_j";
    .port_info 6 /INPUT 7 "opcode";
    .port_info 7 /INPUT 3 "funct3";
    .port_info 8 /INPUT 7 "funct7";
    .port_info 9 /INPUT 64 "pc";
    .port_info 10 /OUTPUT 64 "alu_result";
    .port_info 11 /OUTPUT 64 "store_data";
    .port_info 12 /OUTPUT 1 "mem_we";
    .port_info 13 /OUTPUT 1 "mem_to_reg";
    .port_info 14 /OUTPUT 1 "rd_we";
    .port_info 15 /OUTPUT 1 "branch_taken";
    .port_info 16 /OUTPUT 64 "branch_offset";
    .port_info 17 /OUTPUT 1 "jump_taken";
    .port_info 18 /OUTPUT 64 "jump_target";
L_000001e132893640 .functor BUFZ 64, L_000001e132964580, C4<0000000000000000000000000000000000000000000000000000000000000000>, C4<0000000000000000000000000000000000000000000000000000000000000000>, C4<0000000000000000000000000000000000000000000000000000000000000000>;
L_000001e132893480 .functor AND 1, L_000001e132964f80, L_000001e132964620, C4<1>, C4<1>;
L_000001e13290c4f0 .functor BUFT 1, C4<0110011>, C4<0>, C4<0>, C4<0>;
v000001e132899340_0 .net/2u *"_ivl_2", 6 0, L_000001e13290c4f0;  1 drivers
v000001e132899d40_0 .net *"_ivl_4", 0 0, L_000001e132964f80;  1 drivers
L_000001e13290c538 .functor BUFT 1, C4<0000100>, C4<0>, C4<0>, C4<0>;
v000001e13289a6a0_0 .net/2u *"_ivl_6", 6 0, L_000001e13290c538;  1 drivers
v000001e13289a4c0_0 .net *"_ivl_8", 0 0, L_000001e132964620;  1 drivers
v000001e132899840_0 .var "alu_result", 63 0;
v000001e13289a240_0 .var "branch_offset", 63 0;
v000001e1328993e0_0 .var "branch_taken", 0 0;
v000001e132899480_0 .net "funct3", 2 0, L_000001e1329657a0;  alias, 1 drivers
v000001e13289a2e0_0 .net "funct7", 6 0, L_000001e132965480;  alias, 1 drivers
v000001e132899520_0 .net "imm_b", 63 0, L_000001e132965de0;  alias, 1 drivers
v000001e1328995c0_0 .net "imm_i", 63 0, L_000001e132964300;  alias, 1 drivers
v000001e132898f80_0 .net "imm_j", 63 0, L_000001e1329650c0;  alias, 1 drivers
v000001e132899a20_0 .net "imm_s", 63 0, L_000001e1329649e0;  alias, 1 drivers
v000001e132898b20_0 .net "is_zba", 0 0, L_000001e132893480;  1 drivers
v000001e132899020_0 .var "jump_taken", 0 0;
v000001e13289a560_0 .var "jump_target", 63 0;
v000001e132899b60_0 .var "mem_to_reg", 0 0;
v000001e13289a920_0 .var "mem_we", 0 0;
v000001e132899ca0_0 .net "opcode", 6 0, L_000001e132965200;  alias, 1 drivers
v000001e13289a740_0 .net "pc", 63 0, v000001e1328fa170_0;  alias, 1 drivers
v000001e13289a7e0_0 .var "rd_we", 0 0;
v000001e132898a80_0 .net "rs1_data", 63 0, L_000001e132965fc0;  alias, 1 drivers
v000001e132898bc0_0 .net "rs2_data", 63 0, L_000001e132964580;  alias, 1 drivers
v000001e132899160_0 .net "store_data", 63 0, L_000001e132893640;  alias, 1 drivers
v000001e1328fa030_0 .net "zba_result", 63 0, v000001e132898e40_0;  1 drivers
E_000001e1328a6650/0 .event anyedge, v000001e132899520_0, v000001e132899ca0_0, v000001e132898b20_0, v000001e132898e40_0;
E_000001e1328a6650/1 .event anyedge, v000001e132899700_0, v000001e13289a2e0_0, v000001e132898ee0_0, v000001e1328997a0_0;
E_000001e1328a6650/2 .event anyedge, v000001e1328995c0_0, v000001e132899a20_0, v000001e13289a740_0, v000001e132898f80_0;
E_000001e1328a6650 .event/or E_000001e1328a6650/0, E_000001e1328a6650/1, E_000001e1328a6650/2;
L_000001e132964f80 .cmp/eq 7, L_000001e132965200, L_000001e13290c4f0;
L_000001e132964620 .cmp/eq 7, L_000001e132965480, L_000001e13290c538;
S_000001e13284bee0 .scope module, "zba" "zba_unit" 7 36, 8 1 0, S_000001e13284bd50;
 .timescale -9 -12;
    .port_info 0 /INPUT 64 "rs1";
    .port_info 1 /INPUT 64 "rs2";
    .port_info 2 /INPUT 3 "funct3";
    .port_info 3 /OUTPUT 64 "result";
v000001e132899700_0 .net "funct3", 2 0, L_000001e1329657a0;  alias, 1 drivers
v000001e132898e40_0 .var "result", 63 0;
v000001e132898ee0_0 .net "rs1", 63 0, L_000001e132965fc0;  alias, 1 drivers
v000001e1328997a0_0 .net "rs2", 63 0, L_000001e132964580;  alias, 1 drivers
E_000001e1328a5ed0 .event anyedge, v000001e132899700_0, v000001e132898ee0_0, v000001e1328997a0_0;
S_000001e1328504c0 .scope module, "id" "decode" 6 47, 9 1 0, S_000001e132885390;
 .timescale -9 -12;
    .port_info 0 /INPUT 32 "instr";
    .port_info 1 /OUTPUT 7 "opcode";
    .port_info 2 /OUTPUT 5 "rs1";
    .port_info 3 /OUTPUT 5 "rs2";
    .port_info 4 /OUTPUT 5 "rd";
    .port_info 5 /OUTPUT 3 "funct3";
    .port_info 6 /OUTPUT 7 "funct7";
    .port_info 7 /OUTPUT 64 "imm_i";
    .port_info 8 /OUTPUT 64 "imm_s";
    .port_info 9 /OUTPUT 64 "imm_b";
    .port_info 10 /OUTPUT 64 "imm_j";
v000001e1328fa0d0_0 .net *"_ivl_13", 0 0, L_000001e132964260;  1 drivers
v000001e1328f9b30_0 .net *"_ivl_14", 51 0, L_000001e132965660;  1 drivers
v000001e1328fa350_0 .net *"_ivl_17", 11 0, L_000001e132965340;  1 drivers
v000001e1328f9bd0_0 .net *"_ivl_21", 0 0, L_000001e132965f20;  1 drivers
v000001e1328f9c70_0 .net *"_ivl_22", 51 0, L_000001e1329652a0;  1 drivers
v000001e1328f94f0_0 .net *"_ivl_25", 6 0, L_000001e132965700;  1 drivers
v000001e1328f9a90_0 .net *"_ivl_27", 4 0, L_000001e132965a20;  1 drivers
v000001e1328f9450_0 .net *"_ivl_31", 0 0, L_000001e1329653e0;  1 drivers
v000001e1328fa210_0 .net *"_ivl_32", 50 0, L_000001e1329646c0;  1 drivers
v000001e1328fa2b0_0 .net *"_ivl_35", 0 0, L_000001e132964b20;  1 drivers
v000001e1328fa990_0 .net *"_ivl_37", 5 0, L_000001e1329655c0;  1 drivers
v000001e1328f9090_0 .net *"_ivl_39", 3 0, L_000001e132965c00;  1 drivers
L_000001e13290c190 .functor BUFT 1, C4<0>, C4<0>, C4<0>, C4<0>;
v000001e1328faad0_0 .net/2u *"_ivl_40", 0 0, L_000001e13290c190;  1 drivers
v000001e1328f98b0_0 .net *"_ivl_42", 62 0, L_000001e132965840;  1 drivers
L_000001e13290c1d8 .functor BUFT 1, C4<0>, C4<0>, C4<0>, C4<0>;
v000001e1328fa3f0_0 .net *"_ivl_47", 0 0, L_000001e13290c1d8;  1 drivers
v000001e1328fa8f0_0 .net *"_ivl_49", 0 0, L_000001e1329658e0;  1 drivers
v000001e1328f9ef0_0 .net *"_ivl_50", 42 0, L_000001e132965d40;  1 drivers
v000001e1328fa710_0 .net *"_ivl_53", 7 0, L_000001e132965ac0;  1 drivers
v000001e1328f9590_0 .net *"_ivl_55", 0 0, L_000001e132964ee0;  1 drivers
v000001e1328faa30_0 .net *"_ivl_57", 9 0, L_000001e132964120;  1 drivers
L_000001e13290c220 .functor BUFT 1, C4<0>, C4<0>, C4<0>, C4<0>;
v000001e1328fa670_0 .net/2u *"_ivl_58", 0 0, L_000001e13290c220;  1 drivers
v000001e1328f9d10_0 .net *"_ivl_60", 62 0, L_000001e132965b60;  1 drivers
L_000001e13290c268 .functor BUFT 1, C4<0>, C4<0>, C4<0>, C4<0>;
v000001e1328f9770_0 .net *"_ivl_65", 0 0, L_000001e13290c268;  1 drivers
v000001e1328f9630_0 .net "funct3", 2 0, L_000001e1329657a0;  alias, 1 drivers
v000001e1328fab70_0 .net "funct7", 6 0, L_000001e132965480;  alias, 1 drivers
v000001e1328fa490_0 .net "imm_b", 63 0, L_000001e132965de0;  alias, 1 drivers
v000001e1328fa530_0 .net "imm_i", 63 0, L_000001e132964300;  alias, 1 drivers
v000001e1328f9db0_0 .net "imm_j", 63 0, L_000001e1329650c0;  alias, 1 drivers
v000001e1328f96d0_0 .net "imm_s", 63 0, L_000001e1329649e0;  alias, 1 drivers
v000001e1328f9810_0 .net "instr", 31 0, L_000001e132893100;  alias, 1 drivers
v000001e1328f9130_0 .net "opcode", 6 0, L_000001e132965200;  alias, 1 drivers
v000001e1328fa5d0_0 .net "rd", 4 0, L_000001e132965520;  alias, 1 drivers
v000001e1328f9950_0 .net "rs1", 4 0, L_000001e132965160;  alias, 1 drivers
v000001e1328fa7b0_0 .net "rs2", 4 0, L_000001e132965980;  alias, 1 drivers
L_000001e132965200 .part L_000001e132893100, 0, 7;
L_000001e132965520 .part L_000001e132893100, 7, 5;
L_000001e1329657a0 .part L_000001e132893100, 12, 3;
L_000001e132965160 .part L_000001e132893100, 15, 5;
L_000001e132965980 .part L_000001e132893100, 20, 5;
L_000001e132965480 .part L_000001e132893100, 25, 7;
L_000001e132964260 .part L_000001e132893100, 31, 1;
LS_000001e132965660_0_0 .concat [ 1 1 1 1], L_000001e132964260, L_000001e132964260, L_000001e132964260, L_000001e132964260;
LS_000001e132965660_0_4 .concat [ 1 1 1 1], L_000001e132964260, L_000001e132964260, L_000001e132964260, L_000001e132964260;
LS_000001e132965660_0_8 .concat [ 1 1 1 1], L_000001e132964260, L_000001e132964260, L_000001e132964260, L_000001e132964260;
LS_000001e132965660_0_12 .concat [ 1 1 1 1], L_000001e132964260, L_000001e132964260, L_000001e132964260, L_000001e132964260;
LS_000001e132965660_0_16 .concat [ 1 1 1 1], L_000001e132964260, L_000001e132964260, L_000001e132964260, L_000001e132964260;
LS_000001e132965660_0_20 .concat [ 1 1 1 1], L_000001e132964260, L_000001e132964260, L_000001e132964260, L_000001e132964260;
LS_000001e132965660_0_24 .concat [ 1 1 1 1], L_000001e132964260, L_000001e132964260, L_000001e132964260, L_000001e132964260;
LS_000001e132965660_0_28 .concat [ 1 1 1 1], L_000001e132964260, L_000001e132964260, L_000001e132964260, L_000001e132964260;
LS_000001e132965660_0_32 .concat [ 1 1 1 1], L_000001e132964260, L_000001e132964260, L_000001e132964260, L_000001e132964260;
LS_000001e132965660_0_36 .concat [ 1 1 1 1], L_000001e132964260, L_000001e132964260, L_000001e132964260, L_000001e132964260;
LS_000001e132965660_0_40 .concat [ 1 1 1 1], L_000001e132964260, L_000001e132964260, L_000001e132964260, L_000001e132964260;
LS_000001e132965660_0_44 .concat [ 1 1 1 1], L_000001e132964260, L_000001e132964260, L_000001e132964260, L_000001e132964260;
LS_000001e132965660_0_48 .concat [ 1 1 1 1], L_000001e132964260, L_000001e132964260, L_000001e132964260, L_000001e132964260;
LS_000001e132965660_1_0 .concat [ 4 4 4 4], LS_000001e132965660_0_0, LS_000001e132965660_0_4, LS_000001e132965660_0_8, LS_000001e132965660_0_12;
LS_000001e132965660_1_4 .concat [ 4 4 4 4], LS_000001e132965660_0_16, LS_000001e132965660_0_20, LS_000001e132965660_0_24, LS_000001e132965660_0_28;
LS_000001e132965660_1_8 .concat [ 4 4 4 4], LS_000001e132965660_0_32, LS_000001e132965660_0_36, LS_000001e132965660_0_40, LS_000001e132965660_0_44;
LS_000001e132965660_1_12 .concat [ 4 0 0 0], LS_000001e132965660_0_48;
L_000001e132965660 .concat [ 16 16 16 4], LS_000001e132965660_1_0, LS_000001e132965660_1_4, LS_000001e132965660_1_8, LS_000001e132965660_1_12;
L_000001e132965340 .part L_000001e132893100, 20, 12;
L_000001e132964300 .concat [ 12 52 0 0], L_000001e132965340, L_000001e132965660;
L_000001e132965f20 .part L_000001e132893100, 31, 1;
LS_000001e1329652a0_0_0 .concat [ 1 1 1 1], L_000001e132965f20, L_000001e132965f20, L_000001e132965f20, L_000001e132965f20;
LS_000001e1329652a0_0_4 .concat [ 1 1 1 1], L_000001e132965f20, L_000001e132965f20, L_000001e132965f20, L_000001e132965f20;
LS_000001e1329652a0_0_8 .concat [ 1 1 1 1], L_000001e132965f20, L_000001e132965f20, L_000001e132965f20, L_000001e132965f20;
LS_000001e1329652a0_0_12 .concat [ 1 1 1 1], L_000001e132965f20, L_000001e132965f20, L_000001e132965f20, L_000001e132965f20;
LS_000001e1329652a0_0_16 .concat [ 1 1 1 1], L_000001e132965f20, L_000001e132965f20, L_000001e132965f20, L_000001e132965f20;
LS_000001e1329652a0_0_20 .concat [ 1 1 1 1], L_000001e132965f20, L_000001e132965f20, L_000001e132965f20, L_000001e132965f20;
LS_000001e1329652a0_0_24 .concat [ 1 1 1 1], L_000001e132965f20, L_000001e132965f20, L_000001e132965f20, L_000001e132965f20;
LS_000001e1329652a0_0_28 .concat [ 1 1 1 1], L_000001e132965f20, L_000001e132965f20, L_000001e132965f20, L_000001e132965f20;
LS_000001e1329652a0_0_32 .concat [ 1 1 1 1], L_000001e132965f20, L_000001e132965f20, L_000001e132965f20, L_000001e132965f20;
LS_000001e1329652a0_0_36 .concat [ 1 1 1 1], L_000001e132965f20, L_000001e132965f20, L_000001e132965f20, L_000001e132965f20;
LS_000001e1329652a0_0_40 .concat [ 1 1 1 1], L_000001e132965f20, L_000001e132965f20, L_000001e132965f20, L_000001e132965f20;
LS_000001e1329652a0_0_44 .concat [ 1 1 1 1], L_000001e132965f20, L_000001e132965f20, L_000001e132965f20, L_000001e132965f20;
LS_000001e1329652a0_0_48 .concat [ 1 1 1 1], L_000001e132965f20, L_000001e132965f20, L_000001e132965f20, L_000001e132965f20;
LS_000001e1329652a0_1_0 .concat [ 4 4 4 4], LS_000001e1329652a0_0_0, LS_000001e1329652a0_0_4, LS_000001e1329652a0_0_8, LS_000001e1329652a0_0_12;
LS_000001e1329652a0_1_4 .concat [ 4 4 4 4], LS_000001e1329652a0_0_16, LS_000001e1329652a0_0_20, LS_000001e1329652a0_0_24, LS_000001e1329652a0_0_28;
LS_000001e1329652a0_1_8 .concat [ 4 4 4 4], LS_000001e1329652a0_0_32, LS_000001e1329652a0_0_36, LS_000001e1329652a0_0_40, LS_000001e1329652a0_0_44;
LS_000001e1329652a0_1_12 .concat [ 4 0 0 0], LS_000001e1329652a0_0_48;
L_000001e1329652a0 .concat [ 16 16 16 4], LS_000001e1329652a0_1_0, LS_000001e1329652a0_1_4, LS_000001e1329652a0_1_8, LS_000001e1329652a0_1_12;
L_000001e132965700 .part L_000001e132893100, 25, 7;
L_000001e132965a20 .part L_000001e132893100, 7, 5;
L_000001e1329649e0 .concat [ 5 7 52 0], L_000001e132965a20, L_000001e132965700, L_000001e1329652a0;
L_000001e1329653e0 .part L_000001e132893100, 31, 1;
LS_000001e1329646c0_0_0 .concat [ 1 1 1 1], L_000001e1329653e0, L_000001e1329653e0, L_000001e1329653e0, L_000001e1329653e0;
LS_000001e1329646c0_0_4 .concat [ 1 1 1 1], L_000001e1329653e0, L_000001e1329653e0, L_000001e1329653e0, L_000001e1329653e0;
LS_000001e1329646c0_0_8 .concat [ 1 1 1 1], L_000001e1329653e0, L_000001e1329653e0, L_000001e1329653e0, L_000001e1329653e0;
LS_000001e1329646c0_0_12 .concat [ 1 1 1 1], L_000001e1329653e0, L_000001e1329653e0, L_000001e1329653e0, L_000001e1329653e0;
LS_000001e1329646c0_0_16 .concat [ 1 1 1 1], L_000001e1329653e0, L_000001e1329653e0, L_000001e1329653e0, L_000001e1329653e0;
LS_000001e1329646c0_0_20 .concat [ 1 1 1 1], L_000001e1329653e0, L_000001e1329653e0, L_000001e1329653e0, L_000001e1329653e0;
LS_000001e1329646c0_0_24 .concat [ 1 1 1 1], L_000001e1329653e0, L_000001e1329653e0, L_000001e1329653e0, L_000001e1329653e0;
LS_000001e1329646c0_0_28 .concat [ 1 1 1 1], L_000001e1329653e0, L_000001e1329653e0, L_000001e1329653e0, L_000001e1329653e0;
LS_000001e1329646c0_0_32 .concat [ 1 1 1 1], L_000001e1329653e0, L_000001e1329653e0, L_000001e1329653e0, L_000001e1329653e0;
LS_000001e1329646c0_0_36 .concat [ 1 1 1 1], L_000001e1329653e0, L_000001e1329653e0, L_000001e1329653e0, L_000001e1329653e0;
LS_000001e1329646c0_0_40 .concat [ 1 1 1 1], L_000001e1329653e0, L_000001e1329653e0, L_000001e1329653e0, L_000001e1329653e0;
LS_000001e1329646c0_0_44 .concat [ 1 1 1 1], L_000001e1329653e0, L_000001e1329653e0, L_000001e1329653e0, L_000001e1329653e0;
LS_000001e1329646c0_0_48 .concat [ 1 1 1 0], L_000001e1329653e0, L_000001e1329653e0, L_000001e1329653e0;
LS_000001e1329646c0_1_0 .concat [ 4 4 4 4], LS_000001e1329646c0_0_0, LS_000001e1329646c0_0_4, LS_000001e1329646c0_0_8, LS_000001e1329646c0_0_12;
LS_000001e1329646c0_1_4 .concat [ 4 4 4 4], LS_000001e1329646c0_0_16, LS_000001e1329646c0_0_20, LS_000001e1329646c0_0_24, LS_000001e1329646c0_0_28;
LS_000001e1329646c0_1_8 .concat [ 4 4 4 4], LS_000001e1329646c0_0_32, LS_000001e1329646c0_0_36, LS_000001e1329646c0_0_40, LS_000001e1329646c0_0_44;
LS_000001e1329646c0_1_12 .concat [ 3 0 0 0], LS_000001e1329646c0_0_48;
L_000001e1329646c0 .concat [ 16 16 16 3], LS_000001e1329646c0_1_0, LS_000001e1329646c0_1_4, LS_000001e1329646c0_1_8, LS_000001e1329646c0_1_12;
L_000001e132964b20 .part L_000001e132893100, 7, 1;
L_000001e1329655c0 .part L_000001e132893100, 25, 6;
L_000001e132965c00 .part L_000001e132893100, 8, 4;
LS_000001e132965840_0_0 .concat [ 1 4 6 1], L_000001e13290c190, L_000001e132965c00, L_000001e1329655c0, L_000001e132964b20;
LS_000001e132965840_0_4 .concat [ 51 0 0 0], L_000001e1329646c0;
L_000001e132965840 .concat [ 12 51 0 0], LS_000001e132965840_0_0, LS_000001e132965840_0_4;
L_000001e132965de0 .concat [ 63 1 0 0], L_000001e132965840, L_000001e13290c1d8;
L_000001e1329658e0 .part L_000001e132893100, 31, 1;
LS_000001e132965d40_0_0 .concat [ 1 1 1 1], L_000001e1329658e0, L_000001e1329658e0, L_000001e1329658e0, L_000001e1329658e0;
LS_000001e132965d40_0_4 .concat [ 1 1 1 1], L_000001e1329658e0, L_000001e1329658e0, L_000001e1329658e0, L_000001e1329658e0;
LS_000001e132965d40_0_8 .concat [ 1 1 1 1], L_000001e1329658e0, L_000001e1329658e0, L_000001e1329658e0, L_000001e1329658e0;
LS_000001e132965d40_0_12 .concat [ 1 1 1 1], L_000001e1329658e0, L_000001e1329658e0, L_000001e1329658e0, L_000001e1329658e0;
LS_000001e132965d40_0_16 .concat [ 1 1 1 1], L_000001e1329658e0, L_000001e1329658e0, L_000001e1329658e0, L_000001e1329658e0;
LS_000001e132965d40_0_20 .concat [ 1 1 1 1], L_000001e1329658e0, L_000001e1329658e0, L_000001e1329658e0, L_000001e1329658e0;
LS_000001e132965d40_0_24 .concat [ 1 1 1 1], L_000001e1329658e0, L_000001e1329658e0, L_000001e1329658e0, L_000001e1329658e0;
LS_000001e132965d40_0_28 .concat [ 1 1 1 1], L_000001e1329658e0, L_000001e1329658e0, L_000001e1329658e0, L_000001e1329658e0;
LS_000001e132965d40_0_32 .concat [ 1 1 1 1], L_000001e1329658e0, L_000001e1329658e0, L_000001e1329658e0, L_000001e1329658e0;
LS_000001e132965d40_0_36 .concat [ 1 1 1 1], L_000001e1329658e0, L_000001e1329658e0, L_000001e1329658e0, L_000001e1329658e0;
LS_000001e132965d40_0_40 .concat [ 1 1 1 0], L_000001e1329658e0, L_000001e1329658e0, L_000001e1329658e0;
LS_000001e132965d40_1_0 .concat [ 4 4 4 4], LS_000001e132965d40_0_0, LS_000001e132965d40_0_4, LS_000001e132965d40_0_8, LS_000001e132965d40_0_12;
LS_000001e132965d40_1_4 .concat [ 4 4 4 4], LS_000001e132965d40_0_16, LS_000001e132965d40_0_20, LS_000001e132965d40_0_24, LS_000001e132965d40_0_28;
LS_000001e132965d40_1_8 .concat [ 4 4 3 0], LS_000001e132965d40_0_32, LS_000001e132965d40_0_36, LS_000001e132965d40_0_40;
L_000001e132965d40 .concat [ 16 16 11 0], LS_000001e132965d40_1_0, LS_000001e132965d40_1_4, LS_000001e132965d40_1_8;
L_000001e132965ac0 .part L_000001e132893100, 12, 8;
L_000001e132964ee0 .part L_000001e132893100, 20, 1;
L_000001e132964120 .part L_000001e132893100, 21, 10;
LS_000001e132965b60_0_0 .concat [ 1 10 1 8], L_000001e13290c220, L_000001e132964120, L_000001e132964ee0, L_000001e132965ac0;
LS_000001e132965b60_0_4 .concat [ 43 0 0 0], L_000001e132965d40;
L_000001e132965b60 .concat [ 20 43 0 0], LS_000001e132965b60_0_0, LS_000001e132965b60_0_4;
L_000001e1329650c0 .concat [ 63 1 0 0], L_000001e132965b60, L_000001e13290c268;
S_000001e132877ef0 .scope module, "if_stage" "fetch" 6 38, 10 1 0, S_000001e132885390;
 .timescale -9 -12;
    .port_info 0 /INPUT 1 "clk";
    .port_info 1 /INPUT 1 "rst";
    .port_info 2 /INPUT 64 "pc_next";
    .port_info 3 /OUTPUT 64 "pc";
v000001e1328f9310_0 .net "clk", 0 0, v000001e132909800_0;  alias, 1 drivers
v000001e1328fa170_0 .var "pc", 63 0;
v000001e1328f9f90_0 .net "pc_next", 63 0, L_000001e132908720;  alias, 1 drivers
v000001e1328fa850_0 .net "rst", 0 0, v000001e132909120_0;  alias, 1 drivers
E_000001e1328a6010 .event posedge, v000001e1328fa850_0, v000001e1328f9310_0;
S_000001e132878080 .scope module, "mem" "mem_stage" 6 95, 11 1 0, S_000001e132885390;
 .timescale -9 -12;
    .port_info 0 /INPUT 64 "alu_result";
    .port_info 1 /INPUT 64 "store_data";
    .port_info 2 /INPUT 1 "mem_we";
    .port_info 3 /OUTPUT 64 "data_mem_addr";
    .port_info 4 /OUTPUT 64 "data_mem_wdata";
    .port_info 5 /OUTPUT 1 "data_mem_we";
L_000001e132893330 .functor BUFZ 64, v000001e132899840_0, C4<0000000000000000000000000000000000000000000000000000000000000000>, C4<0000000000000000000000000000000000000000000000000000000000000000>, C4<0000000000000000000000000000000000000000000000000000000000000000>;
L_000001e132893170 .functor BUFZ 64, L_000001e132893640, C4<0000000000000000000000000000000000000000000000000000000000000000>, C4<0000000000000000000000000000000000000000000000000000000000000000>, C4<0000000000000000000000000000000000000000000000000000000000000000>;
L_000001e132892d80 .functor BUFZ 1, v000001e13289a920_0, C4<0>, C4<0>, C4<0>;
v000001e1328fac10_0 .net "alu_result", 63 0, v000001e132899840_0;  alias, 1 drivers
v000001e1328f93b0_0 .net "data_mem_addr", 63 0, L_000001e132893330;  alias, 1 drivers
v000001e1328facb0_0 .net "data_mem_wdata", 63 0, L_000001e132893170;  alias, 1 drivers
v000001e1328f99f0_0 .net "data_mem_we", 0 0, L_000001e132892d80;  alias, 1 drivers
v000001e1328fad50_0 .net "mem_we", 0 0, v000001e13289a920_0;  alias, 1 drivers
v000001e1328fadf0_0 .net "store_data", 63 0, L_000001e132893640;  alias, 1 drivers
S_000001e13285c100 .scope module, "rf" "regfile" 6 61, 12 1 0, S_000001e132885390;
 .timescale -9 -12;
    .port_info 0 /INPUT 1 "clk";
    .port_info 1 /INPUT 1 "rst";
    .port_info 2 /INPUT 5 "rs1";
    .port_info 3 /INPUT 5 "rs2";
    .port_info 4 /INPUT 5 "rd";
    .port_info 5 /INPUT 1 "rd_we";
    .port_info 6 /INPUT 64 "rd_data";
    .port_info 7 /OUTPUT 64 "rs1_data";
    .port_info 8 /OUTPUT 64 "rs2_data";
v000001e1328faf30_0 .net *"_ivl_0", 31 0, L_000001e1329643a0;  1 drivers
v000001e1328f91d0_0 .net *"_ivl_10", 63 0, L_000001e132964da0;  1 drivers
v000001e1328f9270_0 .net *"_ivl_12", 6 0, L_000001e132965e80;  1 drivers
L_000001e13290c388 .functor BUFT 1, C4<00>, C4<0>, C4<0>, C4<0>;
v000001e13289a420_0 .net *"_ivl_15", 1 0, L_000001e13290c388;  1 drivers
v000001e1328fbc80_0 .net *"_ivl_18", 31 0, L_000001e132964e40;  1 drivers
L_000001e13290c3d0 .functor BUFT 1, C4<000000000000000000000000000>, C4<0>, C4<0>, C4<0>;
v000001e1328fc4a0_0 .net *"_ivl_21", 26 0, L_000001e13290c3d0;  1 drivers
L_000001e13290c418 .functor BUFT 1, C4<00000000000000000000000000000000>, C4<0>, C4<0>, C4<0>;
v000001e1328fb320_0 .net/2u *"_ivl_22", 31 0, L_000001e13290c418;  1 drivers
v000001e1328fba00_0 .net *"_ivl_24", 0 0, L_000001e1329641c0;  1 drivers
L_000001e13290c460 .functor BUFT 1, C4<0000000000000000000000000000000000000000000000000000000000000000>, C4<0>, C4<0>, C4<0>;
v000001e1328fbdc0_0 .net/2u *"_ivl_26", 63 0, L_000001e13290c460;  1 drivers
v000001e1328fc040_0 .net *"_ivl_28", 63 0, L_000001e132964440;  1 drivers
L_000001e13290c2b0 .functor BUFT 1, C4<000000000000000000000000000>, C4<0>, C4<0>, C4<0>;
v000001e1328fbe60_0 .net *"_ivl_3", 26 0, L_000001e13290c2b0;  1 drivers
v000001e1328fcea0_0 .net *"_ivl_30", 6 0, L_000001e1329644e0;  1 drivers
L_000001e13290c4a8 .functor BUFT 1, C4<00>, C4<0>, C4<0>, C4<0>;
v000001e1328fc0e0_0 .net *"_ivl_33", 1 0, L_000001e13290c4a8;  1 drivers
L_000001e13290c2f8 .functor BUFT 1, C4<00000000000000000000000000000000>, C4<0>, C4<0>, C4<0>;
v000001e1328fbd20_0 .net/2u *"_ivl_4", 31 0, L_000001e13290c2f8;  1 drivers
v000001e1328fc680_0 .net *"_ivl_6", 0 0, L_000001e132965ca0;  1 drivers
L_000001e13290c340 .functor BUFT 1, C4<0000000000000000000000000000000000000000000000000000000000000000>, C4<0>, C4<0>, C4<0>;
v000001e1328fbf00_0 .net/2u *"_ivl_8", 63 0, L_000001e13290c340;  1 drivers
v000001e1328fb960_0 .net "clk", 0 0, v000001e132909800_0;  alias, 1 drivers
v000001e1328fc180_0 .var/i "i", 31 0;
v000001e1328fc220_0 .net "rd", 4 0, L_000001e132965520;  alias, 1 drivers
v000001e1328fbfa0_0 .net "rd_data", 63 0, L_000001e132964760;  alias, 1 drivers
v000001e1328fbaa0_0 .net "rd_we", 0 0, v000001e13289a7e0_0;  alias, 1 drivers
v000001e1328fc360 .array "regs", 0 31, 63 0;
v000001e1328fcb80_0 .net "rs1", 4 0, L_000001e132965160;  alias, 1 drivers
v000001e1328fc540_0 .net "rs1_data", 63 0, L_000001e132965fc0;  alias, 1 drivers
v000001e1328fbb40_0 .net "rs2", 4 0, L_000001e132965980;  alias, 1 drivers
v000001e1328fb500_0 .net "rs2_data", 63 0, L_000001e132964580;  alias, 1 drivers
v000001e1328fbbe0_0 .net "rst", 0 0, v000001e132909120_0;  alias, 1 drivers
L_000001e1329643a0 .concat [ 5 27 0 0], L_000001e132965160, L_000001e13290c2b0;
L_000001e132965ca0 .cmp/eq 32, L_000001e1329643a0, L_000001e13290c2f8;
L_000001e132964da0 .array/port v000001e1328fc360, L_000001e132965e80;
L_000001e132965e80 .concat [ 5 2 0 0], L_000001e132965160, L_000001e13290c388;
L_000001e132965fc0 .functor MUXZ 64, L_000001e132964da0, L_000001e13290c340, L_000001e132965ca0, C4<>;
L_000001e132964e40 .concat [ 5 27 0 0], L_000001e132965980, L_000001e13290c3d0;
L_000001e1329641c0 .cmp/eq 32, L_000001e132964e40, L_000001e13290c418;
L_000001e132964440 .array/port v000001e1328fc360, L_000001e1329644e0;
L_000001e1329644e0 .concat [ 5 2 0 0], L_000001e132965980, L_000001e13290c4a8;
L_000001e132964580 .functor MUXZ 64, L_000001e132964440, L_000001e13290c460, L_000001e1329641c0, C4<>;
S_000001e13285c290 .scope module, "wb" "writeback" 6 104, 13 1 0, S_000001e132885390;
 .timescale -9 -12;
    .port_info 0 /INPUT 64 "alu_result";
    .port_info 1 /INPUT 64 "mem_data";
    .port_info 2 /INPUT 1 "mem_to_reg";
    .port_info 3 /OUTPUT 64 "rd_data";
v000001e1328fcf40_0 .net "alu_result", 63 0, v000001e132899840_0;  alias, 1 drivers
v000001e1328fca40_0 .net "mem_data", 63 0, L_000001e132892d10;  alias, 1 drivers
v000001e1328fb8c0_0 .net "mem_to_reg", 0 0, v000001e132899b60_0;  alias, 1 drivers
v000001e1328fc7c0_0 .net "rd_data", 63 0, L_000001e132964760;  alias, 1 drivers
L_000001e132964760 .functor MUXZ 64, v000001e132899840_0, L_000001e132892d10, v000001e132899b60_0, C4<>;
    .scope S_000001e1328aac60;
T_0 ;
Ewait_0 .event/or E_000001e1328a6390, E_0x0;
    %wait Ewait_0;
    %pushi/vec4 0, 0, 64;
    %store/vec4 v000001e13289a100_0, 0, 64;
    %load/vec4 v000001e132898da0_0;
    %dup/vec4;
    %pushi/vec4 51, 0, 7;
    %cmp/u;
    %jmp/1 T_0.0, 6;
    %jmp T_0.1;
T_0.0 ;
    %load/vec4 v000001e132899660_0;
    %dup/vec4;
    %pushi/vec4 0, 0, 3;
    %cmp/u;
    %jmp/1 T_0.2, 6;
    %dup/vec4;
    %pushi/vec4 7, 0, 3;
    %cmp/u;
    %jmp/1 T_0.3, 6;
    %dup/vec4;
    %pushi/vec4 6, 0, 3;
    %cmp/u;
    %jmp/1 T_0.4, 6;
    %jmp T_0.5;
T_0.2 ;
    %load/vec4 v000001e132899fc0_0;
    %cmpi/e 32, 0, 7;
    %flag_mov 8, 4;
    %jmp/0 T_0.6, 8;
    %load/vec4 v000001e132899f20_0;
    %load/vec4 v000001e13289a880_0;
    %sub;
    %jmp/1 T_0.7, 8;
T_0.6 ; End of true expr.
    %load/vec4 v000001e132899f20_0;
    %load/vec4 v000001e13289a880_0;
    %add;
    %jmp/0 T_0.7, 8;
 ; End of false expr.
    %blend;
T_0.7;
    %store/vec4 v000001e13289a100_0, 0, 64;
    %jmp T_0.5;
T_0.3 ;
    %load/vec4 v000001e132899f20_0;
    %load/vec4 v000001e13289a880_0;
    %and;
    %store/vec4 v000001e13289a100_0, 0, 64;
    %jmp T_0.5;
T_0.4 ;
    %load/vec4 v000001e132899f20_0;
    %load/vec4 v000001e13289a880_0;
    %or;
    %store/vec4 v000001e13289a100_0, 0, 64;
    %jmp T_0.5;
T_0.5 ;
    %pop/vec4 1;
    %jmp T_0.1;
T_0.1 ;
    %pop/vec4 1;
    %jmp T_0;
    .thread T_0, $push;
    .scope S_000001e132877ef0;
T_1 ;
    %wait E_000001e1328a6010;
    %load/vec4 v000001e1328fa850_0;
    %flag_set/vec4 8;
    %jmp/0xz  T_1.0, 8;
    %pushi/vec4 0, 0, 64;
    %assign/vec4 v000001e1328fa170_0, 0;
    %jmp T_1.1;
T_1.0 ;
    %load/vec4 v000001e1328f9f90_0;
    %assign/vec4 v000001e1328fa170_0, 0;
T_1.1 ;
    %jmp T_1;
    .thread T_1;
    .scope S_000001e13285c100;
T_2 ;
    %wait E_000001e1328a6010;
    %load/vec4 v000001e1328fbbe0_0;
    %flag_set/vec4 8;
    %jmp/0xz  T_2.0, 8;
    %pushi/vec4 0, 0, 32;
    %store/vec4 v000001e1328fc180_0, 0, 32;
T_2.2 ;
    %load/vec4 v000001e1328fc180_0;
    %cmpi/s 32, 0, 32;
    %jmp/0xz T_2.3, 5;
    %pushi/vec4 0, 0, 64;
    %ix/getv/s 3, v000001e1328fc180_0;
    %ix/load 4, 0, 0; Constant delay
    %assign/vec4/a/d v000001e1328fc360, 0, 4;
    %load/vec4 v000001e1328fc180_0;
    %addi 1, 0, 32;
    %store/vec4 v000001e1328fc180_0, 0, 32;
    %jmp T_2.2;
T_2.3 ;
    %jmp T_2.1;
T_2.0 ;
    %load/vec4 v000001e1328fbaa0_0;
    %flag_set/vec4 9;
    %flag_get/vec4 9;
    %jmp/0 T_2.6, 9;
    %load/vec4 v000001e1328fc220_0;
    %pad/u 32;
    %pushi/vec4 0, 0, 32;
    %cmp/ne;
    %flag_get/vec4 4;
    %and;
T_2.6;
    %flag_set/vec4 8;
    %jmp/0xz  T_2.4, 8;
    %load/vec4 v000001e1328fbfa0_0;
    %load/vec4 v000001e1328fc220_0;
    %pad/u 7;
    %ix/vec4 3;
    %ix/load 4, 0, 0; Constant delay
    %assign/vec4/a/d v000001e1328fc360, 0, 4;
T_2.4 ;
T_2.1 ;
    %jmp T_2;
    .thread T_2;
    .scope S_000001e13284bee0;
T_3 ;
Ewait_1 .event/or E_000001e1328a5ed0, E_0x0;
    %wait Ewait_1;
    %load/vec4 v000001e132899700_0;
    %dup/vec4;
    %pushi/vec4 2, 0, 3;
    %cmp/u;
    %jmp/1 T_3.0, 6;
    %dup/vec4;
    %pushi/vec4 4, 0, 3;
    %cmp/u;
    %jmp/1 T_3.1, 6;
    %dup/vec4;
    %pushi/vec4 6, 0, 3;
    %cmp/u;
    %jmp/1 T_3.2, 6;
    %pushi/vec4 0, 0, 64;
    %store/vec4 v000001e132898e40_0, 0, 64;
    %jmp T_3.4;
T_3.0 ;
    %load/vec4 v000001e132898ee0_0;
    %load/vec4 v000001e1328997a0_0;
    %ix/load 4, 1, 0;
    %flag_set/imm 4, 0;
    %shiftl 4;
    %add;
    %store/vec4 v000001e132898e40_0, 0, 64;
    %jmp T_3.4;
T_3.1 ;
    %load/vec4 v000001e132898ee0_0;
    %load/vec4 v000001e1328997a0_0;
    %ix/load 4, 2, 0;
    %flag_set/imm 4, 0;
    %shiftl 4;
    %add;
    %store/vec4 v000001e132898e40_0, 0, 64;
    %jmp T_3.4;
T_3.2 ;
    %load/vec4 v000001e132898ee0_0;
    %load/vec4 v000001e1328997a0_0;
    %ix/load 4, 3, 0;
    %flag_set/imm 4, 0;
    %shiftl 4;
    %add;
    %store/vec4 v000001e132898e40_0, 0, 64;
    %jmp T_3.4;
T_3.4 ;
    %pop/vec4 1;
    %jmp T_3;
    .thread T_3, $push;
    .scope S_000001e13284bd50;
T_4 ;
Ewait_2 .event/or E_000001e1328a6650, E_0x0;
    %wait Ewait_2;
    %pushi/vec4 0, 0, 64;
    %store/vec4 v000001e132899840_0, 0, 64;
    %pushi/vec4 0, 0, 1;
    %store/vec4 v000001e13289a920_0, 0, 1;
    %pushi/vec4 0, 0, 1;
    %store/vec4 v000001e132899b60_0, 0, 1;
    %pushi/vec4 0, 0, 1;
    %store/vec4 v000001e13289a7e0_0, 0, 1;
    %pushi/vec4 0, 0, 1;
    %store/vec4 v000001e1328993e0_0, 0, 1;
    %load/vec4 v000001e132899520_0;
    %store/vec4 v000001e13289a240_0, 0, 64;
    %pushi/vec4 0, 0, 1;
    %store/vec4 v000001e132899020_0, 0, 1;
    %pushi/vec4 0, 0, 64;
    %store/vec4 v000001e13289a560_0, 0, 64;
    %load/vec4 v000001e132899ca0_0;
    %dup/vec4;
    %pushi/vec4 51, 0, 7;
    %cmp/u;
    %jmp/1 T_4.0, 6;
    %dup/vec4;
    %pushi/vec4 19, 0, 7;
    %cmp/u;
    %jmp/1 T_4.1, 6;
    %dup/vec4;
    %pushi/vec4 3, 0, 7;
    %cmp/u;
    %jmp/1 T_4.2, 6;
    %dup/vec4;
    %pushi/vec4 35, 0, 7;
    %cmp/u;
    %jmp/1 T_4.3, 6;
    %dup/vec4;
    %pushi/vec4 99, 0, 7;
    %cmp/u;
    %jmp/1 T_4.4, 6;
    %dup/vec4;
    %pushi/vec4 111, 0, 7;
    %cmp/u;
    %jmp/1 T_4.5, 6;
    %dup/vec4;
    %pushi/vec4 103, 0, 7;
    %cmp/u;
    %jmp/1 T_4.6, 6;
    %jmp T_4.8;
T_4.0 ;
    %pushi/vec4 1, 0, 1;
    %store/vec4 v000001e13289a7e0_0, 0, 1;
    %load/vec4 v000001e132898b20_0;
    %flag_set/vec4 8;
    %jmp/0 T_4.9, 8;
    %load/vec4 v000001e1328fa030_0;
    %jmp/1 T_4.10, 8;
T_4.9 ; End of true expr.
    %load/vec4 v000001e132899480_0;
    %cmpi/e 0, 0, 3;
    %flag_mov 9, 4;
    %jmp/0 T_4.11, 9;
    %load/vec4 v000001e13289a2e0_0;
    %cmpi/e 32, 0, 7;
    %flag_mov 10, 4;
    %jmp/0 T_4.13, 10;
    %load/vec4 v000001e132898a80_0;
    %load/vec4 v000001e132898bc0_0;
    %sub;
    %jmp/1 T_4.14, 10;
T_4.13 ; End of true expr.
    %load/vec4 v000001e132898a80_0;
    %load/vec4 v000001e132898bc0_0;
    %add;
    %jmp/0 T_4.14, 10;
 ; End of false expr.
    %blend;
T_4.14;
    %jmp/1 T_4.12, 9;
T_4.11 ; End of true expr.
    %load/vec4 v000001e132899480_0;
    %cmpi/e 7, 0, 3;
    %flag_mov 10, 4;
    %jmp/0 T_4.15, 10;
    %load/vec4 v000001e132898a80_0;
    %load/vec4 v000001e132898bc0_0;
    %and;
    %jmp/1 T_4.16, 10;
T_4.15 ; End of true expr.
    %load/vec4 v000001e132899480_0;
    %cmpi/e 6, 0, 3;
    %flag_mov 11, 4;
    %jmp/0 T_4.17, 11;
    %load/vec4 v000001e132898a80_0;
    %load/vec4 v000001e132898bc0_0;
    %or;
    %jmp/1 T_4.18, 11;
T_4.17 ; End of true expr.
    %pushi/vec4 0, 0, 64;
    %jmp/0 T_4.18, 11;
 ; End of false expr.
    %blend;
T_4.18;
    %jmp/0 T_4.16, 10;
 ; End of false expr.
    %blend;
T_4.16;
    %jmp/0 T_4.12, 9;
 ; End of false expr.
    %blend;
T_4.12;
    %jmp/0 T_4.10, 8;
 ; End of false expr.
    %blend;
T_4.10;
    %store/vec4 v000001e132899840_0, 0, 64;
    %jmp T_4.8;
T_4.1 ;
    %load/vec4 v000001e132899480_0;
    %cmpi/e 0, 0, 3;
    %jmp/0xz  T_4.19, 4;
    %load/vec4 v000001e132898a80_0;
    %load/vec4 v000001e1328995c0_0;
    %add;
    %store/vec4 v000001e132899840_0, 0, 64;
    %pushi/vec4 1, 0, 1;
    %store/vec4 v000001e13289a7e0_0, 0, 1;
T_4.19 ;
    %jmp T_4.8;
T_4.2 ;
    %load/vec4 v000001e132898a80_0;
    %load/vec4 v000001e1328995c0_0;
    %add;
    %store/vec4 v000001e132899840_0, 0, 64;
    %pushi/vec4 1, 0, 1;
    %store/vec4 v000001e132899b60_0, 0, 1;
    %pushi/vec4 1, 0, 1;
    %store/vec4 v000001e13289a7e0_0, 0, 1;
    %jmp T_4.8;
T_4.3 ;
    %load/vec4 v000001e132898a80_0;
    %load/vec4 v000001e132899a20_0;
    %add;
    %store/vec4 v000001e132899840_0, 0, 64;
    %pushi/vec4 1, 0, 1;
    %store/vec4 v000001e13289a920_0, 0, 1;
    %jmp T_4.8;
T_4.4 ;
    %load/vec4 v000001e132899480_0;
    %dup/vec4;
    %pushi/vec4 0, 0, 3;
    %cmp/u;
    %jmp/1 T_4.21, 6;
    %dup/vec4;
    %pushi/vec4 1, 0, 3;
    %cmp/u;
    %jmp/1 T_4.22, 6;
    %jmp T_4.23;
T_4.21 ;
    %load/vec4 v000001e132898a80_0;
    %load/vec4 v000001e132898bc0_0;
    %cmp/e;
    %flag_get/vec4 4;
    %store/vec4 v000001e1328993e0_0, 0, 1;
    %jmp T_4.23;
T_4.22 ;
    %load/vec4 v000001e132898a80_0;
    %load/vec4 v000001e132898bc0_0;
    %cmp/ne;
    %flag_get/vec4 4;
    %store/vec4 v000001e1328993e0_0, 0, 1;
    %jmp T_4.23;
T_4.23 ;
    %pop/vec4 1;
    %jmp T_4.8;
T_4.5 ;
    %pushi/vec4 1, 0, 1;
    %store/vec4 v000001e132899020_0, 0, 1;
    %load/vec4 v000001e13289a740_0;
    %load/vec4 v000001e132898f80_0;
    %add;
    %store/vec4 v000001e13289a560_0, 0, 64;
    %load/vec4 v000001e13289a740_0;
    %addi 4, 0, 64;
    %store/vec4 v000001e132899840_0, 0, 64;
    %pushi/vec4 1, 0, 1;
    %store/vec4 v000001e13289a7e0_0, 0, 1;
    %jmp T_4.8;
T_4.6 ;
    %pushi/vec4 1, 0, 1;
    %store/vec4 v000001e132899020_0, 0, 1;
    %load/vec4 v000001e132898a80_0;
    %load/vec4 v000001e1328995c0_0;
    %add;
    %pushi/vec4 4294967295, 0, 32;
    %concati/vec4 4294967294, 0, 32;
    %and;
    %store/vec4 v000001e13289a560_0, 0, 64;
    %load/vec4 v000001e13289a740_0;
    %addi 4, 0, 64;
    %store/vec4 v000001e132899840_0, 0, 64;
    %pushi/vec4 1, 0, 1;
    %store/vec4 v000001e13289a7e0_0, 0, 1;
    %jmp T_4.8;
T_4.8 ;
    %pop/vec4 1;
    %jmp T_4;
    .thread T_4, $push;
    .scope S_000001e1328aadf0;
T_5 ;
    %pushi/vec4 0, 0, 1;
    %store/vec4 v000001e132909800_0, 0, 1;
    %pushi/vec4 1, 0, 1;
    %store/vec4 v000001e132909120_0, 0, 1;
    %end;
    .thread T_5, $init;
    .scope S_000001e1328aadf0;
T_6 ;
    %delay 5000, 0;
    %load/vec4 v000001e132909800_0;
    %inv;
    %store/vec4 v000001e132909800_0, 0, 1;
    %jmp T_6;
    .thread T_6;
    .scope S_000001e1328aadf0;
T_7 ;
    %wait E_000001e1328a5bd0;
    %load/vec4 v000001e1329087c0_0;
    %flag_set/vec4 8;
    %jmp/0xz  T_7.0, 8;
    %load/vec4 v000001e1329099e0_0;
    %load/vec4 v000001e132909940_0;
    %ix/load 4, 3, 0;
    %flag_set/imm 4, 0;
    %shiftr 4;
    %ix/vec4 3;
    %ix/load 4, 0, 0; Constant delay
    %assign/vec4/a/d v000001e1329098a0, 0, 4;
    %vpi_call/w 4 50 "$display", "MEM WRITE: addr=0x%0h data=0x%0h", v000001e132909940_0, v000001e1329099e0_0 {0 0 0};
T_7.0 ;
    %jmp T_7;
    .thread T_7;
    .scope S_000001e1328aadf0;
T_8 ;
    %vpi_call/w 4 75 "$dumpfile", "wave.vcd" {0 0 0};
    %vpi_call/w 4 76 "$dumpvars", 32'sb00000000000000000000000000000000, S_000001e1328aadf0 {0 0 0};
    %pushi/vec4 0, 0, 32;
    %store/vec4 v000001e132908fe0_0, 0, 32;
T_8.0 ;
    %load/vec4 v000001e132908fe0_0;
    %cmpi/s 256, 0, 32;
    %jmp/0xz T_8.1, 5;
    %pushi/vec4 19, 0, 32;
    %ix/getv/s 4, v000001e132908fe0_0;
    %store/vec4a v000001e132908360, 4, 0;
    %pushi/vec4 0, 0, 64;
    %ix/getv/s 4, v000001e132908fe0_0;
    %store/vec4a v000001e1329098a0, 4, 0;
    %load/vec4 v000001e132908fe0_0;
    %addi 1, 0, 32;
    %store/vec4 v000001e132908fe0_0, 0, 32;
    %jmp T_8.0;
T_8.1 ;
    %vpi_call/w 4 89 "$readmemh", "program.hex", v000001e132908360, 32'sb00000000000000000000000000000000, 32'sb00000000000000000000000011111111 {0 0 0};
    %pushi/vec4 1, 0, 1;
    %store/vec4 v000001e132909120_0, 0, 1;
    %delay 20000, 0;
    %pushi/vec4 0, 0, 1;
    %store/vec4 v000001e132909120_0, 0, 1;
    %delay 300000, 0;
    %ix/load 4, 2, 0;
    %flag_set/imm 4, 0;
    %load/vec4a v000001e1328fc360, 4;
    %cmpi/ne 5, 0, 64;
    %jmp/0xz  T_8.2, 6;
    %vpi_call/w 4 107 "$fatal", 32'sb00000000000000000000000000000001, "JAL/JALR FAILED: x2 = 0x%0h", &A<v000001e1328fc360, 2> {0 0 0};
    %jmp T_8.3;
T_8.2 ;
    %vpi_call/w 4 111 "$display", "JAL/JALR PASSED: x2 = %0d", &A<v000001e1328fc360, 2> {0 0 0};
T_8.3 ;
    %vpi_call/w 4 115 "$display", "=================================" {0 0 0};
    %vpi_call/w 4 116 "$display", "TEST PASSED" {0 0 0};
    %vpi_call/w 4 117 "$display", "=================================" {0 0 0};
    %vpi_call/w 4 118 "$finish" {0 0 0};
    %end;
    .thread T_8;
# The file index is used to find the file name in the following table.
:file_names 14;
    "N/A";
    "<interactive>";
    "-";
    "rtl/core/alu.sv";
    "tb/tb_processor.sv";
    "rtl/top.sv";
    "rtl/core/riscv_core.sv";
    "rtl/core/execute.sv";
    "rtl/core/zba_unit.sv";
    "rtl/core/decode.sv";
    "rtl/core/fetch.sv";
    "rtl/core/mem_stage.sv";
    "rtl/core/regfile.sv";
    "rtl/core/writeback.sv";
